<?xml version="1.0" encoding="UTF-8"?>
<testsuite xmlns:xsi="http://www.w3.org/2001/XMLSchema-instance" xsi:noNamespaceSchemaLocation="https://maven.apache.org/surefire/maven-surefire-plugin/xsd/surefire-test-report-3.0.xsd" version="3.0" name="backs.back.BacksApplicationTests" time="3.983" tests="1" errors="0" skipped="0" failures="0">
  <properties>
[...]
</properties>
  <testcase name="contextLoads" classname="backs.back.BacksApplicationTests" time="0.701">
    <system-out><![CDATA[17:09:33.275 [main] INFO org.springframework.test.context.support.AnnotationConfigContextLoaderUtils -- Could not detect default configuration classes for test class [backs.back.BacksApplicationTests]: BacksApplicationTests does not declare any static, non-private, non-final, nested classes annotated with @Configuration.
17:09:33.382 [main] INFO org.springframework.boot.test.context.SpringBootTestContextBootstrapper -- Found @SpringBootConfiguration backs.back.BacksApplication for test class backs.back.BacksApplicationTests

  .   ____          _            __ _ _
 /\\ / ___'_ __ _ _(_)_ __  __ _ \ \ \ \
( ( )\___ | '_ | '_| | '_ \/ _` | \ \ \ \
 \\/  ___)| |_)| | | | | || (_| |  ) ) ) )
  '  |____| .__|_| |_|_| |_\__, | / / / /
 =========|_|==============|___/=/_/_/_/
 :: Spring Boot ::                (v3.2.2)

2025-02-05T17:09:33.751+08:00  INFO 11060 --- [Backs] [           main] backs.back.BacksApplicationTests         : Starting BacksApplicationTests using Java 21.0.1 with PID 11060 (started by 86057 in C:\Users\86057\Desktop\软著\软著1\后端\Backs)
2025-02-05T17:09:33.752+08:00  INFO 11060 --- [Backs] [           main] backs.back.BacksApplicationTests         : No active profile set, falling back to 1 default profile: "default"
2025-02-05T17:09:34.425+08:00  INFO 11060 --- [Backs] [           main] .s.d.r.c.RepositoryConfigurationDelegate : Multiple Spring Data modules found, entering strict repository configuration mode
2025-02-05T17:09:34.428+08:00  INFO 11060 --- [Backs] [           main] .s.d.r.c.RepositoryConfigurationDelegate : Bootstrapping Spring Data Redis repositories in DEFAULT mode.
2025-02-05T17:09:34.450+08:00  INFO 11060 --- [Backs] [           main] .s.d.r.c.RepositoryConfigurationDelegate : Finished Spring Data repository scanning in 8 ms. Found 0 Redis repository interfaces.
2025-02-05T17:09:36.349+08:00  INFO 11060 --- [Backs] [           main] backs.back.BacksApplicationTests         : Started BacksApplicationTests in 2.82 seconds (process running for 3.77)
]]></system-out>
    <system-err><![CDATA[WARNING: A Java agent has been loaded dynamically (C:\Users\86057\.m2\repository\net\bytebuddy\byte-buddy-agent\1.14.11\byte-buddy-agent-1.14.11.jar)
WARNING: If a serviceability tool is in use, please run with -XX:+EnableDynamicAgentLoading to hide this warning
WARNING: If a serviceability tool is not in use, please run with -Djdk.instrument.traceUsage for more information
WARNING: Dynamic loading of agents will be disallowed by default in a future release
]]></system-err>
  </testcase>
</testsuite>